0 info it worked if it ends with ok
1 verbose cli [ '/usr/local/bin/node', '/usr/local/bin/npm', 'run', 'start' ]
2 info using npm@3.10.10
3 info using node@v6.11.3
4 verbose run-script [ 'prestart', 'start', 'poststart' ]
5 info lifecycle ng-car-sell@0.0.0~prestart: ng-car-sell@0.0.0
6 silly lifecycle ng-car-sell@0.0.0~prestart: no script for prestart, continuing
7 info lifecycle ng-car-sell@0.0.0~start: ng-car-sell@0.0.0
8 verbose lifecycle ng-car-sell@0.0.0~start: unsafe-perm in lifecycle true
9 verbose lifecycle ng-car-sell@0.0.0~start: PATH: /usr/local/lib/node_modules/npm/bin/node-gyp-bin:/Users/mithundas/Project_Workspace/blockchain/projects/p2p-carsell-ethereum-raspi/p2p-carsell-web/node_modules/.bin:/opt/local/bin:/opt/local/sbin:/Users/mithundas/Project_Workspace/Hyperledger/fabric-samples/bin:/usr/local/bin:/usr/bin:/bin:/usr/sbin:/sbin:/usr/local/git/bin:/Users/mithundas/Development/tools/mongodb/bin:/Users/mithundas/Development/tools/apache-maven-3.2.2/bin:/Users/mithundas/Development/tools/gradle-2.2.1/bin:/Users/mithundas/Library/Android/sdk/tools:/Users/mithundas/Development/tools/apache-ant-1.9.4/bin:/usr/local/memcached/bin:/usr/local/mysql/bin:/Users/mithundas/Library/Python/2.7/bin
10 verbose lifecycle ng-car-sell@0.0.0~start: CWD: /Users/mithundas/Project_Workspace/blockchain/projects/p2p-carsell-ethereum-raspi/p2p-carsell-web
11 silly lifecycle ng-car-sell@0.0.0~start: Args: [ '-c', 'ng serve' ]
12 silly lifecycle ng-car-sell@0.0.0~start: Returned: code: 1  signal: null
13 info lifecycle ng-car-sell@0.0.0~start: Failed to exec start script
14 verbose stack Error: ng-car-sell@0.0.0 start: `ng serve`
14 verbose stack Exit status 1
14 verbose stack     at EventEmitter.<anonymous> (/usr/local/lib/node_modules/npm/lib/utils/lifecycle.js:255:16)
14 verbose stack     at emitTwo (events.js:106:13)
14 verbose stack     at EventEmitter.emit (events.js:191:7)
14 verbose stack     at ChildProcess.<anonymous> (/usr/local/lib/node_modules/npm/lib/utils/spawn.js:40:14)
14 verbose stack     at emitTwo (events.js:106:13)
14 verbose stack     at ChildProcess.emit (events.js:191:7)
14 verbose stack     at maybeClose (internal/child_process.js:920:16)
14 verbose stack     at Process.ChildProcess._handle.onexit (internal/child_process.js:230:5)
15 verbose pkgid ng-car-sell@0.0.0
16 verbose cwd /Users/mithundas/Project_Workspace/blockchain/projects/p2p-carsell-ethereum-raspi/p2p-carsell-web
17 error Darwin 16.3.0
18 error argv "/usr/local/bin/node" "/usr/local/bin/npm" "run" "start"
19 error node v6.11.3
20 error npm  v3.10.10
21 error code ELIFECYCLE
22 error ng-car-sell@0.0.0 start: `ng serve`
22 error Exit status 1
23 error Failed at the ng-car-sell@0.0.0 start script 'ng serve'.
23 error Make sure you have the latest version of node.js and npm installed.
23 error If you do, this is most likely a problem with the ng-car-sell package,
23 error not with npm itself.
23 error Tell the author that this fails on your system:
23 error     ng serve
23 error You can get information on how to open an issue for this project with:
23 error     npm bugs ng-car-sell
23 error Or if that isn't available, you can get their info via:
23 error     npm owner ls ng-car-sell
23 error There is likely additional logging output above.
24 verbose exit [ 1, true ]
